mode: set
github.com/satorunooshie/fireworks_stall/pkg/errors/errors_level.go:18.37,21.2 2 0
github.com/satorunooshie/fireworks_stall/pkg/errors/errors_level.go:22.36,25.2 2 1
github.com/satorunooshie/fireworks_stall/pkg/errors/errors_level.go:26.36,29.2 2 0
github.com/satorunooshie/fireworks_stall/pkg/errors/errors_level.go:30.36,33.2 2 1
github.com/satorunooshie/fireworks_stall/pkg/errors/errors_level.go:35.35,35.70 1 0
github.com/satorunooshie/fireworks_stall/pkg/errors/errors_level.go:36.35,36.69 1 1
github.com/satorunooshie/fireworks_stall/pkg/errors/errors_level.go:37.35,37.69 1 0
github.com/satorunooshie/fireworks_stall/pkg/errors/errors_level.go:38.35,38.69 1 0
github.com/satorunooshie/fireworks_stall/pkg/errors/errors_level.go:40.46,41.19 1 1
github.com/satorunooshie/fireworks_stall/pkg/errors/errors_level.go:44.2,45.17 2 1
github.com/satorunooshie/fireworks_stall/pkg/errors/errors_level.go:49.2,49.24 1 0
github.com/satorunooshie/fireworks_stall/pkg/errors/errors_level.go:41.19,43.3 1 1
github.com/satorunooshie/fireworks_stall/pkg/errors/errors_level.go:45.17,47.3 1 1
github.com/satorunooshie/fireworks_stall/pkg/errors/errors_status.go:5.42,8.2 2 0
github.com/satorunooshie/fireworks_stall/pkg/errors/errors_status.go:9.44,12.2 2 0
github.com/satorunooshie/fireworks_stall/pkg/errors/errors_status.go:13.40,16.2 2 0
github.com/satorunooshie/fireworks_stall/pkg/errors/errors_status.go:17.51,20.2 2 0
github.com/satorunooshie/fireworks_stall/pkg/errors/errors.go:11.35,16.2 4 1
github.com/satorunooshie/fireworks_stall/pkg/errors/errors.go:18.31,20.2 1 0
github.com/satorunooshie/fireworks_stall/pkg/errors/errors.go:22.58,24.2 1 0
github.com/satorunooshie/fireworks_stall/pkg/errors/errors.go:26.46,27.16 1 1
github.com/satorunooshie/fireworks_stall/pkg/errors/errors.go:31.2,32.19 2 1
github.com/satorunooshie/fireworks_stall/pkg/errors/errors.go:35.2,37.10 3 1
github.com/satorunooshie/fireworks_stall/pkg/errors/errors.go:27.16,29.3 1 1
github.com/satorunooshie/fireworks_stall/pkg/errors/errors.go:32.19,34.3 1 1
github.com/satorunooshie/fireworks_stall/pkg/errors/errors.go:40.68,44.2 3 0
github.com/satorunooshie/fireworks_stall/pkg/errors/errors.go:46.45,48.2 1 0
github.com/satorunooshie/fireworks_stall/pkg/errors/errors.go:50.38,51.16 1 1
github.com/satorunooshie/fireworks_stall/pkg/errors/errors.go:55.2,56.25 2 1
github.com/satorunooshie/fireworks_stall/pkg/errors/errors.go:59.2,59.12 1 0
github.com/satorunooshie/fireworks_stall/pkg/errors/errors.go:51.16,53.3 1 1
github.com/satorunooshie/fireworks_stall/pkg/errors/errors.go:56.25,58.3 1 1
github.com/satorunooshie/fireworks_stall/pkg/errors/errors.go:78.35,81.17 2 0
github.com/satorunooshie/fireworks_stall/pkg/errors/errors.go:84.2,84.19 1 0
github.com/satorunooshie/fireworks_stall/pkg/errors/errors.go:90.2,90.23 1 0
github.com/satorunooshie/fireworks_stall/pkg/errors/errors.go:81.17,83.3 1 0
github.com/satorunooshie/fireworks_stall/pkg/errors/errors.go:84.19,85.22 1 0
github.com/satorunooshie/fireworks_stall/pkg/errors/errors.go:88.3,88.22 1 0
github.com/satorunooshie/fireworks_stall/pkg/errors/errors.go:85.22,87.4 1 0
github.com/satorunooshie/fireworks_stall/pkg/errors/errors.go:93.39,94.38 1 1
github.com/satorunooshie/fireworks_stall/pkg/errors/errors.go:97.2,97.14 1 0
github.com/satorunooshie/fireworks_stall/pkg/errors/errors.go:94.38,96.3 1 1
github.com/satorunooshie/fireworks_stall/pkg/errors/errors.go:100.48,100.65 1 0
github.com/satorunooshie/fireworks_stall/pkg/errors/errors.go:101.48,101.80 1 0
github.com/satorunooshie/fireworks_stall/pkg/errors/errors.go:103.57,105.19 2 0
github.com/satorunooshie/fireworks_stall/pkg/errors/errors.go:108.2,108.18 1 0
github.com/satorunooshie/fireworks_stall/pkg/errors/errors.go:111.2,111.21 1 0
github.com/satorunooshie/fireworks_stall/pkg/errors/errors.go:114.2,114.22 1 0
github.com/satorunooshie/fireworks_stall/pkg/errors/errors.go:121.2,123.15 3 0
github.com/satorunooshie/fireworks_stall/pkg/errors/errors.go:105.19,107.3 1 0
github.com/satorunooshie/fireworks_stall/pkg/errors/errors.go:108.18,110.3 1 0
github.com/satorunooshie/fireworks_stall/pkg/errors/errors.go:111.21,113.3 1 0
github.com/satorunooshie/fireworks_stall/pkg/errors/errors.go:114.22,115.20 1 0
github.com/satorunooshie/fireworks_stall/pkg/errors/errors.go:118.3,118.46 1 0
github.com/satorunooshie/fireworks_stall/pkg/errors/errors.go:115.20,117.4 1 0
github.com/satorunooshie/fireworks_stall/pkg/errors/errors.go:126.69,127.19 1 1
github.com/satorunooshie/fireworks_stall/pkg/errors/errors.go:130.2,131.10 2 1
github.com/satorunooshie/fireworks_stall/pkg/errors/errors.go:127.19,129.3 1 1
github.com/satorunooshie/fireworks_stall/pkg/errors/errors_api.go:10.50,16.2 2 1
github.com/satorunooshie/fireworks_stall/pkg/errors/errors_api.go:18.48,23.2 4 1
github.com/satorunooshie/fireworks_stall/pkg/errors/errors_api.go:25.50,30.2 4 0
github.com/satorunooshie/fireworks_stall/pkg/errors/errors_api.go:32.47,37.2 4 0
github.com/satorunooshie/fireworks_stall/pkg/errors/errors_api.go:39.46,44.2 4 0
github.com/satorunooshie/fireworks_stall/pkg/errors/errors_api.go:45.46,50.2 4 0
github.com/satorunooshie/fireworks_stall/pkg/errors/errors_api.go:52.57,57.2 4 1
github.com/satorunooshie/fireworks_stall/pkg/errors/errors_api.go:59.43,63.2 3 1
github.com/satorunooshie/fireworks_stall/pkg/errors/errors_api.go:65.47,67.19 2 1
github.com/satorunooshie/fireworks_stall/pkg/errors/errors_api.go:72.2,72.17 1 1
github.com/satorunooshie/fireworks_stall/pkg/errors/errors_api.go:67.19,69.3 1 1
github.com/satorunooshie/fireworks_stall/pkg/errors/errors_api.go:69.8,71.3 1 1
github.com/satorunooshie/fireworks_stall/pkg/errors/errors_api.go:75.71,77.2 1 0
github.com/satorunooshie/fireworks_stall/pkg/errors/errors_api.go:79.59,81.19 2 0
github.com/satorunooshie/fireworks_stall/pkg/errors/errors_api.go:86.2,88.11 3 0
github.com/satorunooshie/fireworks_stall/pkg/errors/errors_api.go:81.19,83.3 1 0
github.com/satorunooshie/fireworks_stall/pkg/errors/errors_api.go:83.8,85.3 1 0
github.com/satorunooshie/fireworks_stall/pkg/errors/errors_api.go:91.81,95.2 3 0
github.com/satorunooshie/fireworks_stall/pkg/errors/errors_api.go:98.58,101.2 2 0
github.com/satorunooshie/fireworks_stall/pkg/errors/errors_api.go:103.34,104.18 1 1
github.com/satorunooshie/fireworks_stall/pkg/errors/errors_api.go:107.2,108.17 2 1
github.com/satorunooshie/fireworks_stall/pkg/errors/errors_api.go:111.2,111.22 1 0
github.com/satorunooshie/fireworks_stall/pkg/errors/errors_api.go:104.18,106.3 1 1
github.com/satorunooshie/fireworks_stall/pkg/errors/errors_api.go:108.17,110.3 1 1
github.com/satorunooshie/fireworks_stall/pkg/errors/errors_api.go:114.33,115.19 1 0
github.com/satorunooshie/fireworks_stall/pkg/errors/errors_api.go:118.2,119.17 2 0
github.com/satorunooshie/fireworks_stall/pkg/errors/errors_api.go:122.2,122.39 1 0
github.com/satorunooshie/fireworks_stall/pkg/errors/errors_api.go:115.19,117.3 1 0
github.com/satorunooshie/fireworks_stall/pkg/errors/errors_api.go:119.17,121.3 1 0
github.com/satorunooshie/fireworks_stall/pkg/errors/errors_api.go:125.41,126.25 1 0
github.com/satorunooshie/fireworks_stall/pkg/errors/errors_api.go:129.2,130.17 2 0
github.com/satorunooshie/fireworks_stall/pkg/errors/errors_api.go:133.2,133.31 1 0
github.com/satorunooshie/fireworks_stall/pkg/errors/errors_api.go:126.25,128.3 1 0
github.com/satorunooshie/fireworks_stall/pkg/errors/errors_api.go:130.17,132.3 1 0
